TN:
SF:lib/claim/schema.ts
FNF:0
FNH:0
DA:10,1
DA:11,1
DA:12,1
DA:13,1
DA:14,1
DA:15,1
DA:16,1
DA:17,1
DA:18,1
DA:19,1
DA:20,1
DA:21,1
DA:22,1
DA:23,1
DA:24,1
DA:25,1
DA:26,1
DA:27,1
DA:28,1
DA:29,1
DA:30,1
DA:31,1
DA:32,1
DA:33,1
DA:34,1
DA:35,1
DA:36,1
DA:37,1
DA:38,1
DA:39,1
DA:40,1
DA:41,1
DA:42,1
DA:43,1
DA:44,1
DA:45,1
DA:46,1
DA:47,1
DA:48,1
DA:49,1
DA:50,1
DA:51,1
DA:52,1
DA:53,1
DA:54,1
DA:55,1
DA:56,1
DA:57,1
DA:58,1
DA:59,1
DA:60,1
DA:61,1
DA:62,1
DA:63,1
DA:64,1
DA:65,1
DA:66,1
DA:67,1
DA:68,1
DA:69,1
DA:70,1
DA:71,1
DA:72,1
DA:73,1
DA:74,1
DA:75,1
DA:76,1
DA:77,1
DA:78,1
DA:79,1
DA:80,1
DA:81,1
DA:82,1
DA:83,1
DA:84,1
DA:85,1
DA:86,1
DA:87,1
DA:88,1
DA:89,1
DA:90,1
DA:91,1
DA:92,1
DA:93,1
DA:94,1
DA:95,1
DA:96,1
DA:97,1
DA:98,1
DA:99,1
DA:100,1
DA:101,1
DA:102,1
DA:103,1
DA:104,1
DA:105,1
DA:106,1
DA:107,1
DA:108,1
DA:109,1
DA:110,1
DA:111,1
DA:112,1
DA:113,1
DA:114,1
DA:115,1
DA:116,1
DA:117,1
DA:118,1
DA:119,1
DA:120,1
DA:121,1
DA:122,1
DA:123,1
DA:124,1
DA:125,1
DA:126,1
DA:127,1
DA:128,1
DA:129,1
DA:130,1
DA:131,1
DA:132,1
DA:133,1
DA:134,1
DA:135,1
DA:136,1
DA:137,1
DA:138,1
DA:139,1
DA:140,1
DA:141,1
DA:142,1
DA:143,1
DA:144,1
DA:145,1
DA:146,1
DA:147,1
DA:148,1
DA:149,1
DA:150,1
DA:151,1
DA:152,1
DA:153,1
DA:154,1
DA:155,1
DA:156,1
DA:157,1
DA:158,1
DA:160,1
DA:161,1
DA:162,1
DA:164,1
DA:166,1
DA:167,1
DA:168,1
DA:169,1
DA:170,1
LF:158
LH:158
BRDA:161,0,0,9
BRDA:164,1,0,9
BRF:2
BRH:2
end_of_record
TN:
SF:lib/claim/store.ts
FN:56,emptyRecord
FN:67,initialState
FN:79,err
FN:84,nextReviewId
FN:89,createClaimStore
FN:94,emit
FN:99,commitField
FN:113,isVisible
FN:120,unknown
FN:132,getSnapshot
FN:133,subscribe
FN:138,fieldDef
FN:140,humanSet
FN:155,agentFill
FN:223,clearField
FN:241,acceptField
FN:259,setFocus
FN:265,navigate
FN:272,unreviewedIds
FN:279,missingRequiredIds
FN:288,stageReview
FN:325,approve
FN:387,hydrate
FN:398,reset
FN:404,summary
FNF:25
FNH:23
FNDA:181,emptyRecord
FNDA:20,initialState
FNDA:12,err
FNDA:4,nextReviewId
FNDA:20,createClaimStore
FNDA:88,emit
FNDA:80,commitField
FNDA:111,isVisible
FNDA:1,unknown
FNDA:19,getSnapshot
FNDA:1,subscribe
FNDA:0,fieldDef
FNDA:63,humanSet
FNDA:19,agentFill
FNDA:2,clearField
FNDA:4,acceptField
FNDA:1,setFocus
FNDA:1,navigate
FNDA:5,unreviewedIds
FNDA:6,missingRequiredIds
FNDA:6,stageReview
FNDA:5,approve
FNDA:1,hydrate
FNDA:0,reset
FNDA:5,summary
DA:1,1
DA:13,1
DA:56,181
DA:57,181
DA:58,181
DA:59,181
DA:60,181
DA:61,181
DA:62,181
DA:63,181
DA:64,181
DA:65,181
DA:67,20
DA:68,20
DA:69,20
DA:70,20
DA:71,20
DA:72,20
DA:73,20
DA:74,20
DA:75,20
DA:76,20
DA:77,20
DA:79,12
DA:80,12
DA:81,12
DA:83,1
DA:84,4
DA:85,4
DA:86,4
DA:87,4
DA:89,1
DA:90,20
DA:91,20
DA:92,20
DA:94,20
DA:95,88
DA:96,88
DA:99,20
DA:100,80
DA:101,80
DA:102,2
DA:103,78
DA:104,80
DA:105,80
DA:106,80
DA:107,80
DA:108,80
DA:109,80
DA:110,80
DA:111,80
DA:113,20
DA:114,111
DA:115,111
DA:116,111
DA:117,111
DA:118,111
DA:120,20
DA:121,1
DA:122,1
DA:123,1
DA:124,1
DA:125,1
DA:126,1
DA:127,1
DA:128,1
DA:130,20
DA:131,20
DA:132,20
DA:133,20
DA:134,1
DA:135,1
DA:136,1
DA:137,20
DA:138,20
DA:140,20
DA:141,63
DA:142,63
DA:143,63
DA:144,63
DA:145,63
DA:146,63
DA:147,63
DA:148,63
DA:149,63
DA:150,63
DA:151,63
DA:152,63
DA:153,63
DA:155,20
DA:156,19
DA:157,19
DA:158,19
DA:159,1
DA:160,1
DA:161,1
DA:162,1
DA:163,1
DA:164,1
DA:165,1
DA:166,1
DA:167,17
DA:168,19
DA:169,1
DA:170,1
DA:171,1
DA:172,1
DA:173,1
DA:174,1
DA:175,1
DA:176,1
DA:177,19
DA:178,1
DA:179,1
DA:180,1
DA:181,1
DA:182,1
DA:183,1
DA:184,1
DA:185,1
DA:186,19
DA:187,1
DA:188,1
DA:189,1
DA:190,1
DA:191,1
DA:192,1
DA:193,1
DA:194,1
DA:195,14
DA:196,14
DA:197,19
DA:198,1
DA:199,1
DA:200,1
DA:201,1
DA:202,1
DA:203,1
DA:204,0
DA:205,1
DA:206,1
DA:207,1
DA:208,19
DA:209,1
DA:210,1
DA:211,12
DA:212,12
DA:213,12
DA:214,12
DA:215,12
DA:216,12
DA:217,12
DA:218,12
DA:219,12
DA:220,12
DA:221,19
DA:223,20
DA:224,2
DA:225,2
DA:226,2
DA:227,2
DA:228,1
DA:229,1
DA:230,1
DA:231,1
DA:232,1
DA:233,1
DA:234,1
DA:235,1
DA:236,1
DA:237,1
DA:238,1
DA:239,2
DA:241,20
DA:242,4
DA:243,4
DA:244,4
DA:245,4
DA:246,0
DA:247,0
DA:248,0
DA:249,0
DA:250,0
DA:251,0
DA:252,0
DA:253,0
DA:254,4
DA:255,4
DA:256,4
DA:257,4
DA:259,20
DA:260,1
DA:261,1
DA:262,1
DA:263,1
DA:265,20
DA:266,1
DA:268,1
DA:269,1
DA:270,1
DA:272,20
DA:273,5
DA:274,5
DA:275,5
DA:276,5
DA:277,5
DA:279,20
DA:280,6
DA:281,6
DA:282,6
DA:283,6
DA:284,6
DA:285,6
DA:286,6
DA:288,20
DA:289,6
DA:290,0
DA:291,0
DA:292,0
DA:293,0
DA:294,0
DA:295,0
DA:296,0
DA:297,0
DA:298,6
DA:299,6
DA:300,1
DA:301,1
DA:302,1
DA:303,1
DA:304,1
DA:305,1
DA:306,1
DA:307,1
DA:308,1
DA:310,5
DA:311,5
DA:312,1
DA:313,6
DA:314,1
DA:315,1
DA:316,4
DA:317,4
DA:318,4
DA:319,4
DA:320,4
DA:321,4
DA:322,4
DA:323,6
DA:325,20
DA:326,5
DA:327,5
DA:328,0
DA:329,0
DA:330,0
DA:331,0
DA:332,0
DA:333,0
DA:334,0
DA:335,0
DA:336,5
DA:337,1
DA:338,1
DA:339,1
DA:340,1
DA:341,1
DA:342,1
DA:343,1
DA:344,1
DA:345,1
DA:346,4
DA:347,4
DA:348,3
DA:349,5
DA:350,1
DA:351,1
DA:352,1
DA:353,1
DA:354,1
DA:355,1
DA:356,1
DA:357,1
DA:358,3
DA:359,5
DA:360,1
DA:361,1
DA:362,1
DA:363,1
DA:364,1
DA:365,1
DA:366,1
DA:367,1
DA:368,1
DA:369,5
DA:370,1
DA:371,1
DA:372,1
DA:373,1
DA:374,1
DA:375,1
DA:376,1
DA:377,1
DA:378,1
DA:379,1
DA:380,1
DA:381,1
DA:382,1
DA:383,1
DA:384,1
DA:385,5
DA:387,20
DA:389,1
DA:390,1
DA:391,9
DA:392,9
DA:393,9
DA:394,1
DA:395,1
DA:396,1
DA:398,20
DA:399,0
DA:400,0
DA:401,0
DA:402,20
DA:404,20
DA:405,5
DA:406,5
DA:407,5
DA:408,5
DA:409,5
DA:410,5
DA:411,35
DA:412,35
DA:413,35
DA:414,35
DA:415,5
DA:416,5
DA:417,5
DA:418,5
DA:420,20
DA:421,20
LF:341
LH:313
BRDA:56,0,0,181
BRDA:67,1,0,20
BRDA:70,2,0,180
BRDA:79,3,0,12
BRDA:84,4,0,4
BRDA:89,5,0,20
BRDA:92,6,0,180
BRDA:94,7,0,88
BRDA:95,8,0,1
BRDA:99,9,0,80
BRDA:101,10,0,2
BRDA:102,11,0,78
BRDA:113,12,0,111
BRDA:115,13,0,0
BRDA:116,14,0,98
BRDA:116,15,0,13
BRDA:120,16,0,1
BRDA:125,17,0,9
BRDA:132,18,0,19
BRDA:133,19,0,1
BRDA:135,20,0,1
BRDA:140,21,0,63
BRDA:142,22,0,0
BRDA:155,23,0,19
BRDA:157,24,0,1
BRDA:157,25,0,18
BRDA:158,26,0,1
BRDA:166,27,0,17
BRDA:168,28,0,1
BRDA:176,29,0,16
BRDA:177,30,0,3
BRDA:177,31,0,1
BRDA:185,32,0,15
BRDA:186,33,0,1
BRDA:186,34,0,1
BRDA:194,35,0,14
BRDA:197,36,0,1
BRDA:203,37,0,0
BRDA:207,38,0,13
BRDA:208,39,0,1
BRDA:208,40,0,1
BRDA:210,41,0,12
BRDA:203,42,0,3
BRDA:223,43,0,2
BRDA:225,44,0,0
BRDA:227,45,0,1
BRDA:227,46,0,1
BRDA:241,47,0,4
BRDA:243,48,0,0
BRDA:245,49,0,0
BRDA:259,50,0,1
BRDA:260,51,0,0
BRDA:265,52,0,1
BRDA:266,53,0,0
BRDA:272,54,0,5
BRDA:274,55,0,45
BRDA:275,56,0,45
BRDA:275,57,0,5
BRDA:276,58,0,2
BRDA:279,59,0,6
BRDA:281,60,0,54
BRDA:281,61,0,48
BRDA:283,62,0,42
BRDA:283,63,0,36
BRDA:285,64,0,6
BRDA:288,65,0,6
BRDA:289,66,0,0
BRDA:299,67,0,1
BRDA:308,68,0,5
BRDA:311,69,0,1
BRDA:313,70,0,1
BRDA:315,71,0,4
BRDA:325,72,0,5
BRDA:327,73,0,0
BRDA:336,74,0,1
BRDA:345,75,0,4
BRDA:347,76,0,3
BRDA:349,77,0,1
BRDA:357,78,0,3
BRDA:359,79,0,1
BRDA:368,80,0,2
BRDA:369,81,0,1
BRDA:387,82,0,1
BRDA:390,83,0,9
BRDA:391,84,0,0
BRDA:404,85,0,5
BRDA:409,86,0,45
BRDA:409,87,0,40
BRDA:410,88,0,35
BRDA:414,89,0,0
BRF:90
BRH:78
end_of_record
TN:
SF:lib/claim/types.ts
FN:1,(empty-report)
FNF:1
FNH:1
FNDA:1,(empty-report)
LF:0
LH:0
BRDA:1,0,0,1
BRF:1
BRH:1
end_of_record
TN:
SF:lib/claim/validate.ts
FN:7,sanitize
FN:17,validateField
FNF:2
FNH:2
FNDA:77,sanitize
FNDA:86,validateField
DA:3,1
DA:4,1
DA:7,1
DA:8,77
DA:9,77
DA:10,77
DA:11,77
DA:17,1
DA:18,86
DA:19,8
DA:20,8
DA:21,78
DA:22,86
DA:23,45
DA:24,0
DA:25,0
DA:26,45
DA:27,45
DA:28,45
DA:29,86
DA:30,5
DA:31,1
DA:32,1
DA:33,4
DA:34,5
DA:35,0
DA:36,0
DA:37,4
DA:38,4
DA:39,86
DA:40,6
DA:41,6
DA:42,1
DA:43,1
DA:44,5
DA:45,5
DA:46,86
DA:47,9
DA:48,0
DA:49,0
DA:50,9
DA:51,9
DA:52,86
DA:53,13
DA:54,86
DA:55,86
LF:46
LH:40
BRDA:7,0,0,77
BRDA:9,1,0,65
BRDA:10,2,0,1
BRDA:10,3,0,76
BRDA:17,4,0,86
BRDA:18,5,0,8
BRDA:19,6,0,7
BRDA:19,7,0,1
BRDA:20,8,0,78
BRDA:22,9,0,45
BRDA:23,10,0,0
BRDA:26,11,0,0
BRDA:29,12,0,5
BRDA:30,13,0,1
BRDA:32,14,0,4
BRDA:34,15,0,0
BRDA:36,16,0,4
BRDA:39,17,0,6
BRDA:40,18,0,0
BRDA:41,19,0,1
BRDA:43,20,0,5
BRDA:46,21,0,9
BRDA:47,22,0,8
BRDA:47,23,0,0
BRDA:52,24,0,13
BRDA:40,25,0,18
BRF:26
BRH:21
end_of_record
TN:
SF:lib/webmcp/get-model-context.ts
FN:15,getModelContext
FN:20,describeModelContextLocation
FNF:2
FNH:2
FNDA:6,getModelContext
FNDA:6,describeModelContextLocation
DA:15,1
DA:16,6
DA:17,6
DA:18,6
DA:20,1
DA:21,6
DA:22,6
DA:23,4
DA:24,4
DA:25,3
DA:26,3
LF:11
LH:11
BRDA:15,0,0,6
BRDA:16,1,0,0
BRDA:17,2,0,4
BRDA:20,3,0,6
BRDA:21,4,0,0
BRDA:22,5,0,2
BRDA:22,6,0,4
BRDA:24,7,0,1
BRDA:24,8,0,3
BRF:9
BRH:7
end_of_record
TN:
SF:lib/webmcp/tool-schemas.ts
FNF:0
FNH:0
DA:19,1
DA:20,1
DA:21,1
DA:22,1
DA:23,1
DA:24,1
DA:25,1
DA:26,1
DA:28,1
DA:29,1
DA:30,1
DA:31,1
DA:32,1
DA:33,1
DA:34,1
LF:15
LH:15
BRF:0
BRH:0
end_of_record
