TN:
SF:lib/webmcp/get-model-context.ts
FN:15,getModelContext
FN:20,describeModelContextLocation
FNF:2
FNH:2
FNDA:6,getModelContext
FNDA:6,describeModelContextLocation
DA:15,1
DA:16,6
DA:17,6
DA:18,6
DA:20,1
DA:21,6
DA:22,6
DA:23,4
DA:24,4
DA:25,3
DA:26,3
LF:11
LH:11
BRDA:15,0,0,6
BRDA:16,1,0,0
BRDA:17,2,0,4
BRDA:20,3,0,6
BRDA:21,4,0,0
BRDA:22,5,0,2
BRDA:22,6,0,4
BRDA:24,7,0,1
BRDA:24,8,0,3
BRF:9
BRH:7
end_of_record
TN:
SF:lib/webmcp/tool-schemas.ts
FNF:0
FNH:0
DA:19,1
DA:20,1
DA:21,1
DA:22,1
DA:23,1
DA:24,1
DA:25,1
DA:26,1
DA:28,1
DA:29,1
DA:30,1
DA:31,1
DA:32,1
DA:33,1
DA:34,1
LF:15
LH:15
BRF:0
BRH:0
end_of_record
